<?xml version="1.0" encoding="UTF-8"?>
<testsuite name="com.mysite.springboard.SbbApplicationTests" tests="1" skipped="0" failures="0" errors="0" timestamp="2023-10-30T16:31:51" hostname="DESKTOP-QVSBDIN" time="0.741">
  <properties/>
  <testcase name="testJpa()" classname="com.mysite.springboard.SbbApplicationTests" time="0.741"/>
  <system-out><![CDATA[01:31:45.564 [Test worker] DEBUG org.springframework.boot.test.context.SpringBootTestContextBootstrapper -- Neither @ContextConfiguration nor @ContextHierarchy found for test class [SbbApplicationTests]: using SpringBootContextLoader
01:31:45.569 [Test worker] DEBUG org.springframework.test.context.support.AbstractContextLoader -- Could not detect default resource locations for test class [com.mysite.springboard.SbbApplicationTests]: no resource found for suffixes {-context.xml, Context.groovy}.
01:31:45.570 [Test worker] INFO org.springframework.test.context.support.AnnotationConfigContextLoaderUtils -- Could not detect default configuration classes for test class [com.mysite.springboard.SbbApplicationTests]: SbbApplicationTests does not declare any static, non-private, non-final, nested classes annotated with @Configuration.
01:31:45.598 [Test worker] DEBUG org.springframework.boot.test.context.SpringBootTestContextBootstrapper -- Using ContextCustomizers for test class [SbbApplicationTests]: [DisableObservabilityContextCustomizer, PropertyMappingContextCustomizer, Customizer, ExcludeFilterContextCustomizer, DuplicateJsonObjectContextCustomizer, MockitoContextCustomizer, TestRestTemplateContextCustomizer]
01:31:45.692 [Test worker] DEBUG org.springframework.context.annotation.ClassPathScanningCandidateComponentProvider -- Identified candidate component class: file [C:\Spring\springboard\build\classes\java\main\com\mysite\springboard\SpringboardApplication.class]
01:31:45.695 [Test worker] INFO org.springframework.boot.test.context.SpringBootTestContextBootstrapper -- Found @SpringBootConfiguration com.mysite.springboard.SpringboardApplication for test class com.mysite.springboard.SbbApplicationTests
01:31:45.830 [Test worker] DEBUG org.springframework.boot.test.context.SpringBootTestContextBootstrapper -- Using TestExecutionListeners for test class [SbbApplicationTests]: [ServletTestExecutionListener, DirtiesContextBeforeModesTestExecutionListener, ApplicationEventsTestExecutionListener, MockitoTestExecutionListener, DependencyInjectionTestExecutionListener, DirtiesContextTestExecutionListener, TransactionalTestExecutionListener, SqlScriptsTestExecutionListener, EventPublishingTestExecutionListener, RestDocsTestExecutionListener, MockRestServiceServerResetTestExecutionListener, MockMvcPrintOnlyOnFailureTestExecutionListener, WebDriverTestExecutionListener, MockWebServiceServerTestExecutionListener, ResetMocksTestExecutionListener]
01:31:45.832 [Test worker] DEBUG org.springframework.test.context.support.AbstractDirtiesContextTestExecutionListener -- Before test class: class [SbbApplicationTests], class annotated with @DirtiesContext [false] with mode [null]

  .   ____          _            __ _ _
 /\\ / ___'_ __ _ _(_)_ __  __ _ \ \ \ \
( ( )\___ | '_ | '_| | '_ \/ _` | \ \ \ \
 \\/  ___)| |_)| | | | | || (_| |  ) ) ) )
  '  |____| .__|_| |_|_| |_\__, | / / / /
 =========|_|==============|___/=/_/_/_/
 :: Spring Boot ::                (v3.0.6)

2023-10-31T01:31:46.167+09:00  INFO 22164 --- [    Test worker] c.m.springboard.SbbApplicationTests      : Starting SbbApplicationTests using Java 17.0.5 with PID 22164 (started by YunJin in C:\Spring\springboard)
2023-10-31T01:31:46.169+09:00  INFO 22164 --- [    Test worker] c.m.springboard.SbbApplicationTests      : No active profile set, falling back to 1 default profile: "default"
2023-10-31T01:31:47.320+09:00  INFO 22164 --- [    Test worker] .s.d.r.c.RepositoryConfigurationDelegate : Bootstrapping Spring Data JPA repositories in DEFAULT mode.
2023-10-31T01:31:47.412+09:00  INFO 22164 --- [    Test worker] .s.d.r.c.RepositoryConfigurationDelegate : Finished Spring Data repository scanning in 80 ms. Found 3 JPA repository interfaces.
2023-10-31T01:31:48.260+09:00  INFO 22164 --- [    Test worker] o.hibernate.jpa.internal.util.LogHelper  : HHH000204: Processing PersistenceUnitInfo [name: default]
2023-10-31T01:31:48.390+09:00  INFO 22164 --- [    Test worker] org.hibernate.Version                    : HHH000412: Hibernate ORM core version 6.1.7.Final
2023-10-31T01:31:48.844+09:00  INFO 22164 --- [    Test worker] com.zaxxer.hikari.HikariDataSource       : HikariPool-1 - Starting...
2023-10-31T01:31:49.087+09:00  INFO 22164 --- [    Test worker] com.zaxxer.hikari.pool.HikariPool        : HikariPool-1 - Added connection conn0: url=jdbc:h2:~/local user=SA
2023-10-31T01:31:49.089+09:00  INFO 22164 --- [    Test worker] com.zaxxer.hikari.HikariDataSource       : HikariPool-1 - Start completed.
2023-10-31T01:31:49.112+09:00  INFO 22164 --- [    Test worker] SQL dialect                              : HHH000400: Using dialect: org.hibernate.dialect.H2Dialect
2023-10-31T01:31:50.074+09:00  INFO 22164 --- [    Test worker] o.h.e.t.j.p.i.JtaPlatformInitiator       : HHH000490: Using JtaPlatform implementation: [org.hibernate.engine.transaction.jta.platform.internal.NoJtaPlatform]
2023-10-31T01:31:50.083+09:00  INFO 22164 --- [    Test worker] j.LocalContainerEntityManagerFactoryBean : Initialized JPA EntityManagerFactory for persistence unit 'default'
2023-10-31T01:31:50.752+09:00  WARN 22164 --- [    Test worker] JpaBaseConfiguration$JpaWebConfiguration : spring.jpa.open-in-view is enabled by default. Therefore, database queries may be performed during view rendering. Explicitly configure spring.jpa.open-in-view to disable this warning
2023-10-31T01:31:51.012+09:00  INFO 22164 --- [    Test worker] o.s.s.web.DefaultSecurityFilterChain     : Will secure any request with [org.springframework.security.web.session.DisableEncodeUrlFilter@4f63909f, org.springframework.security.web.context.request.async.WebAsyncManagerIntegrationFilter@3ae91bcc, org.springframework.security.web.context.SecurityContextHolderFilter@34a482d0, org.springframework.security.web.header.HeaderWriterFilter@648f48d3, org.springframework.security.web.csrf.CsrfFilter@756030e2, org.springframework.security.web.authentication.logout.LogoutFilter@3c7787a7, org.springframework.security.web.authentication.UsernamePasswordAuthenticationFilter@642b71d6, org.springframework.security.web.savedrequest.RequestCacheAwareFilter@6939f18a, org.springframework.security.web.servletapi.SecurityContextHolderAwareRequestFilter@8bd9d08, org.springframework.security.web.authentication.AnonymousAuthenticationFilter@679886ad, org.springframework.security.web.access.ExceptionTranslationFilter@6bf34912, org.springframework.security.web.access.intercept.AuthorizationFilter@77e261e3]
2023-10-31T01:31:51.631+09:00  INFO 22164 --- [    Test worker] o.s.b.a.h2.H2ConsoleAutoConfiguration    : H2 console available at '/h2-console'. Database available at 'jdbc:h2:~/local'
2023-10-31T01:31:51.699+09:00  INFO 22164 --- [    Test worker] c.m.springboard.SbbApplicationTests      : Started SbbApplicationTests in 5.812 seconds (process running for 7.185)
Hibernate: 
    insert 
    into
        question
        (id, author_id, content, create_date, modify_date, subject) 
    values
        (default, ?, ?, ?, ?, ?)
Hibernate: 
    insert 
    into
        question
        (id, author_id, content, create_date, modify_date, subject) 
    values
        (default, ?, ?, ?, ?, ?)
Hibernate: 
    insert 
    into
        question
        (id, author_id, content, create_date, modify_date, subject) 
    values
        (default, ?, ?, ?, ?, ?)
Hibernate: 
    insert 
    into
        question
        (id, author_id, content, create_date, modify_date, subject) 
    values
        (default, ?, ?, ?, ?, ?)
Hibernate: 
    insert 
    into
        question
        (id, author_id, content, create_date, modify_date, subject) 
    values
        (default, ?, ?, ?, ?, ?)
Hibernate: 
    insert 
    into
        question
        (id, author_id, content, create_date, modify_date, subject) 
    values
        (default, ?, ?, ?, ?, ?)
Hibernate: 
    insert 
    into
        question
        (id, author_id, content, create_date, modify_date, subject) 
    values
        (default, ?, ?, ?, ?, ?)
Hibernate: 
    insert 
    into
        question
        (id, author_id, content, create_date, modify_date, subject) 
    values
        (default, ?, ?, ?, ?, ?)
Hibernate: 
    insert 
    into
        question
        (id, author_id, content, create_date, modify_date, subject) 
    values
        (default, ?, ?, ?, ?, ?)
Hibernate: 
    insert 
    into
        question
        (id, author_id, content, create_date, modify_date, subject) 
    values
        (default, ?, ?, ?, ?, ?)
Hibernate: 
    insert 
    into
        question
        (id, author_id, content, create_date, modify_date, subject) 
    values
        (default, ?, ?, ?, ?, ?)
Hibernate: 
    insert 
    into
        question
        (id, author_id, content, create_date, modify_date, subject) 
    values
        (default, ?, ?, ?, ?, ?)
Hibernate: 
    insert 
    into
        question
        (id, author_id, content, create_date, modify_date, subject) 
    values
        (default, ?, ?, ?, ?, ?)
Hibernate: 
    insert 
    into
        question
        (id, author_id, content, create_date, modify_date, subject) 
    values
        (default, ?, ?, ?, ?, ?)
Hibernate: 
    insert 
    into
        question
        (id, author_id, content, create_date, modify_date, subject) 
    values
        (default, ?, ?, ?, ?, ?)
Hibernate: 
    insert 
    into
        question
        (id, author_id, content, create_date, modify_date, subject) 
    values
        (default, ?, ?, ?, ?, ?)
Hibernate: 
    insert 
    into
        question
        (id, author_id, content, create_date, modify_date, subject) 
    values
        (default, ?, ?, ?, ?, ?)
Hibernate: 
    insert 
    into
        question
        (id, author_id, content, create_date, modify_date, subject) 
    values
        (default, ?, ?, ?, ?, ?)
Hibernate: 
    insert 
    into
        question
        (id, author_id, content, create_date, modify_date, subject) 
    values
        (default, ?, ?, ?, ?, ?)
Hibernate: 
    insert 
    into
        question
        (id, author_id, content, create_date, modify_date, subject) 
    values
        (default, ?, ?, ?, ?, ?)
Hibernate: 
    insert 
    into
        question
        (id, author_id, content, create_date, modify_date, subject) 
    values
        (default, ?, ?, ?, ?, ?)
Hibernate: 
    insert 
    into
        question
        (id, author_id, content, create_date, modify_date, subject) 
    values
        (default, ?, ?, ?, ?, ?)
Hibernate: 
    insert 
    into
        question
        (id, author_id, content, create_date, modify_date, subject) 
    values
        (default, ?, ?, ?, ?, ?)
Hibernate: 
    insert 
    into
        question
        (id, author_id, content, create_date, modify_date, subject) 
    values
        (default, ?, ?, ?, ?, ?)
Hibernate: 
    insert 
    into
        question
        (id, author_id, content, create_date, modify_date, subject) 
    values
        (default, ?, ?, ?, ?, ?)
Hibernate: 
    insert 
    into
        question
        (id, author_id, content, create_date, modify_date, subject) 
    values
        (default, ?, ?, ?, ?, ?)
Hibernate: 
    insert 
    into
        question
        (id, author_id, content, create_date, modify_date, subject) 
    values
        (default, ?, ?, ?, ?, ?)
Hibernate: 
    insert 
    into
        question
        (id, author_id, content, create_date, modify_date, subject) 
    values
        (default, ?, ?, ?, ?, ?)
Hibernate: 
    insert 
    into
        question
        (id, author_id, content, create_date, modify_date, subject) 
    values
        (default, ?, ?, ?, ?, ?)
Hibernate: 
    insert 
    into
        question
        (id, author_id, content, create_date, modify_date, subject) 
    values
        (default, ?, ?, ?, ?, ?)
Hibernate: 
    insert 
    into
        question
        (id, author_id, content, create_date, modify_date, subject) 
    values
        (default, ?, ?, ?, ?, ?)
Hibernate: 
    insert 
    into
        question
        (id, author_id, content, create_date, modify_date, subject) 
    values
        (default, ?, ?, ?, ?, ?)
Hibernate: 
    insert 
    into
        question
        (id, author_id, content, create_date, modify_date, subject) 
    values
        (default, ?, ?, ?, ?, ?)
Hibernate: 
    insert 
    into
        question
        (id, author_id, content, create_date, modify_date, subject) 
    values
        (default, ?, ?, ?, ?, ?)
Hibernate: 
    insert 
    into
        question
        (id, author_id, content, create_date, modify_date, subject) 
    values
        (default, ?, ?, ?, ?, ?)
Hibernate: 
    insert 
    into
        question
        (id, author_id, content, create_date, modify_date, subject) 
    values
        (default, ?, ?, ?, ?, ?)
Hibernate: 
    insert 
    into
        question
        (id, author_id, content, create_date, modify_date, subject) 
    values
        (default, ?, ?, ?, ?, ?)
Hibernate: 
    insert 
    into
        question
        (id, author_id, content, create_date, modify_date, subject) 
    values
        (default, ?, ?, ?, ?, ?)
Hibernate: 
    insert 
    into
        question
        (id, author_id, content, create_date, modify_date, subject) 
    values
        (default, ?, ?, ?, ?, ?)
Hibernate: 
    insert 
    into
        question
        (id, author_id, content, create_date, modify_date, subject) 
    values
        (default, ?, ?, ?, ?, ?)
Hibernate: 
    insert 
    into
        question
        (id, author_id, content, create_date, modify_date, subject) 
    values
        (default, ?, ?, ?, ?, ?)
Hibernate: 
    insert 
    into
        question
        (id, author_id, content, create_date, modify_date, subject) 
    values
        (default, ?, ?, ?, ?, ?)
Hibernate: 
    insert 
    into
        question
        (id, author_id, content, create_date, modify_date, subject) 
    values
        (default, ?, ?, ?, ?, ?)
Hibernate: 
    insert 
    into
        question
        (id, author_id, content, create_date, modify_date, subject) 
    values
        (default, ?, ?, ?, ?, ?)
Hibernate: 
    insert 
    into
        question
        (id, author_id, content, create_date, modify_date, subject) 
    values
        (default, ?, ?, ?, ?, ?)
Hibernate: 
    insert 
    into
        question
        (id, author_id, content, create_date, modify_date, subject) 
    values
        (default, ?, ?, ?, ?, ?)
Hibernate: 
    insert 
    into
        question
        (id, author_id, content, create_date, modify_date, subject) 
    values
        (default, ?, ?, ?, ?, ?)
Hibernate: 
    insert 
    into
        question
        (id, author_id, content, create_date, modify_date, subject) 
    values
        (default, ?, ?, ?, ?, ?)
Hibernate: 
    insert 
    into
        question
        (id, author_id, content, create_date, modify_date, subject) 
    values
        (default, ?, ?, ?, ?, ?)
Hibernate: 
    insert 
    into
        question
        (id, author_id, content, create_date, modify_date, subject) 
    values
        (default, ?, ?, ?, ?, ?)
Hibernate: 
    insert 
    into
        question
        (id, author_id, content, create_date, modify_date, subject) 
    values
        (default, ?, ?, ?, ?, ?)
Hibernate: 
    insert 
    into
        question
        (id, author_id, content, create_date, modify_date, subject) 
    values
        (default, ?, ?, ?, ?, ?)
Hibernate: 
    insert 
    into
        question
        (id, author_id, content, create_date, modify_date, subject) 
    values
        (default, ?, ?, ?, ?, ?)
Hibernate: 
    insert 
    into
        question
        (id, author_id, content, create_date, modify_date, subject) 
    values
        (default, ?, ?, ?, ?, ?)
Hibernate: 
    insert 
    into
        question
        (id, author_id, content, create_date, modify_date, subject) 
    values
        (default, ?, ?, ?, ?, ?)
Hibernate: 
    insert 
    into
        question
        (id, author_id, content, create_date, modify_date, subject) 
    values
        (default, ?, ?, ?, ?, ?)
Hibernate: 
    insert 
    into
        question
        (id, author_id, content, create_date, modify_date, subject) 
    values
        (default, ?, ?, ?, ?, ?)
Hibernate: 
    insert 
    into
        question
        (id, author_id, content, create_date, modify_date, subject) 
    values
        (default, ?, ?, ?, ?, ?)
Hibernate: 
    insert 
    into
        question
        (id, author_id, content, create_date, modify_date, subject) 
    values
        (default, ?, ?, ?, ?, ?)
Hibernate: 
    insert 
    into
        question
        (id, author_id, content, create_date, modify_date, subject) 
    values
        (default, ?, ?, ?, ?, ?)
Hibernate: 
    insert 
    into
        question
        (id, author_id, content, create_date, modify_date, subject) 
    values
        (default, ?, ?, ?, ?, ?)
Hibernate: 
    insert 
    into
        question
        (id, author_id, content, create_date, modify_date, subject) 
    values
        (default, ?, ?, ?, ?, ?)
Hibernate: 
    insert 
    into
        question
        (id, author_id, content, create_date, modify_date, subject) 
    values
        (default, ?, ?, ?, ?, ?)
Hibernate: 
    insert 
    into
        question
        (id, author_id, content, create_date, modify_date, subject) 
    values
        (default, ?, ?, ?, ?, ?)
Hibernate: 
    insert 
    into
        question
        (id, author_id, content, create_date, modify_date, subject) 
    values
        (default, ?, ?, ?, ?, ?)
Hibernate: 
    insert 
    into
        question
        (id, author_id, content, create_date, modify_date, subject) 
    values
        (default, ?, ?, ?, ?, ?)
Hibernate: 
    insert 
    into
        question
        (id, author_id, content, create_date, modify_date, subject) 
    values
        (default, ?, ?, ?, ?, ?)
Hibernate: 
    insert 
    into
        question
        (id, author_id, content, create_date, modify_date, subject) 
    values
        (default, ?, ?, ?, ?, ?)
Hibernate: 
    insert 
    into
        question
        (id, author_id, content, create_date, modify_date, subject) 
    values
        (default, ?, ?, ?, ?, ?)
Hibernate: 
    insert 
    into
        question
        (id, author_id, content, create_date, modify_date, subject) 
    values
        (default, ?, ?, ?, ?, ?)
Hibernate: 
    insert 
    into
        question
        (id, author_id, content, create_date, modify_date, subject) 
    values
        (default, ?, ?, ?, ?, ?)
Hibernate: 
    insert 
    into
        question
        (id, author_id, content, create_date, modify_date, subject) 
    values
        (default, ?, ?, ?, ?, ?)
Hibernate: 
    insert 
    into
        question
        (id, author_id, content, create_date, modify_date, subject) 
    values
        (default, ?, ?, ?, ?, ?)
Hibernate: 
    insert 
    into
        question
        (id, author_id, content, create_date, modify_date, subject) 
    values
        (default, ?, ?, ?, ?, ?)
Hibernate: 
    insert 
    into
        question
        (id, author_id, content, create_date, modify_date, subject) 
    values
        (default, ?, ?, ?, ?, ?)
Hibernate: 
    insert 
    into
        question
        (id, author_id, content, create_date, modify_date, subject) 
    values
        (default, ?, ?, ?, ?, ?)
Hibernate: 
    insert 
    into
        question
        (id, author_id, content, create_date, modify_date, subject) 
    values
        (default, ?, ?, ?, ?, ?)
Hibernate: 
    insert 
    into
        question
        (id, author_id, content, create_date, modify_date, subject) 
    values
        (default, ?, ?, ?, ?, ?)
Hibernate: 
    insert 
    into
        question
        (id, author_id, content, create_date, modify_date, subject) 
    values
        (default, ?, ?, ?, ?, ?)
Hibernate: 
    insert 
    into
        question
        (id, author_id, content, create_date, modify_date, subject) 
    values
        (default, ?, ?, ?, ?, ?)
Hibernate: 
    insert 
    into
        question
        (id, author_id, content, create_date, modify_date, subject) 
    values
        (default, ?, ?, ?, ?, ?)
Hibernate: 
    insert 
    into
        question
        (id, author_id, content, create_date, modify_date, subject) 
    values
        (default, ?, ?, ?, ?, ?)
Hibernate: 
    insert 
    into
        question
        (id, author_id, content, create_date, modify_date, subject) 
    values
        (default, ?, ?, ?, ?, ?)
Hibernate: 
    insert 
    into
        question
        (id, author_id, content, create_date, modify_date, subject) 
    values
        (default, ?, ?, ?, ?, ?)
Hibernate: 
    insert 
    into
        question
        (id, author_id, content, create_date, modify_date, subject) 
    values
        (default, ?, ?, ?, ?, ?)
Hibernate: 
    insert 
    into
        question
        (id, author_id, content, create_date, modify_date, subject) 
    values
        (default, ?, ?, ?, ?, ?)
Hibernate: 
    insert 
    into
        question
        (id, author_id, content, create_date, modify_date, subject) 
    values
        (default, ?, ?, ?, ?, ?)
Hibernate: 
    insert 
    into
        question
        (id, author_id, content, create_date, modify_date, subject) 
    values
        (default, ?, ?, ?, ?, ?)
Hibernate: 
    insert 
    into
        question
        (id, author_id, content, create_date, modify_date, subject) 
    values
        (default, ?, ?, ?, ?, ?)
Hibernate: 
    insert 
    into
        question
        (id, author_id, content, create_date, modify_date, subject) 
    values
        (default, ?, ?, ?, ?, ?)
Hibernate: 
    insert 
    into
        question
        (id, author_id, content, create_date, modify_date, subject) 
    values
        (default, ?, ?, ?, ?, ?)
Hibernate: 
    insert 
    into
        question
        (id, author_id, content, create_date, modify_date, subject) 
    values
        (default, ?, ?, ?, ?, ?)
Hibernate: 
    insert 
    into
        question
        (id, author_id, content, create_date, modify_date, subject) 
    values
        (default, ?, ?, ?, ?, ?)
Hibernate: 
    insert 
    into
        question
        (id, author_id, content, create_date, modify_date, subject) 
    values
        (default, ?, ?, ?, ?, ?)
Hibernate: 
    insert 
    into
        question
        (id, author_id, content, create_date, modify_date, subject) 
    values
        (default, ?, ?, ?, ?, ?)
Hibernate: 
    insert 
    into
        question
        (id, author_id, content, create_date, modify_date, subject) 
    values
        (default, ?, ?, ?, ?, ?)
Hibernate: 
    insert 
    into
        question
        (id, author_id, content, create_date, modify_date, subject) 
    values
        (default, ?, ?, ?, ?, ?)
Hibernate: 
    insert 
    into
        question
        (id, author_id, content, create_date, modify_date, subject) 
    values
        (default, ?, ?, ?, ?, ?)
Hibernate: 
    insert 
    into
        question
        (id, author_id, content, create_date, modify_date, subject) 
    values
        (default, ?, ?, ?, ?, ?)
Hibernate: 
    insert 
    into
        question
        (id, author_id, content, create_date, modify_date, subject) 
    values
        (default, ?, ?, ?, ?, ?)
Hibernate: 
    insert 
    into
        question
        (id, author_id, content, create_date, modify_date, subject) 
    values
        (default, ?, ?, ?, ?, ?)
Hibernate: 
    insert 
    into
        question
        (id, author_id, content, create_date, modify_date, subject) 
    values
        (default, ?, ?, ?, ?, ?)
Hibernate: 
    insert 
    into
        question
        (id, author_id, content, create_date, modify_date, subject) 
    values
        (default, ?, ?, ?, ?, ?)
Hibernate: 
    insert 
    into
        question
        (id, author_id, content, create_date, modify_date, subject) 
    values
        (default, ?, ?, ?, ?, ?)
Hibernate: 
    insert 
    into
        question
        (id, author_id, content, create_date, modify_date, subject) 
    values
        (default, ?, ?, ?, ?, ?)
Hibernate: 
    insert 
    into
        question
        (id, author_id, content, create_date, modify_date, subject) 
    values
        (default, ?, ?, ?, ?, ?)
Hibernate: 
    insert 
    into
        question
        (id, author_id, content, create_date, modify_date, subject) 
    values
        (default, ?, ?, ?, ?, ?)
Hibernate: 
    insert 
    into
        question
        (id, author_id, content, create_date, modify_date, subject) 
    values
        (default, ?, ?, ?, ?, ?)
Hibernate: 
    insert 
    into
        question
        (id, author_id, content, create_date, modify_date, subject) 
    values
        (default, ?, ?, ?, ?, ?)
Hibernate: 
    insert 
    into
        question
        (id, author_id, content, create_date, modify_date, subject) 
    values
        (default, ?, ?, ?, ?, ?)
Hibernate: 
    insert 
    into
        question
        (id, author_id, content, create_date, modify_date, subject) 
    values
        (default, ?, ?, ?, ?, ?)
Hibernate: 
    insert 
    into
        question
        (id, author_id, content, create_date, modify_date, subject) 
    values
        (default, ?, ?, ?, ?, ?)
Hibernate: 
    insert 
    into
        question
        (id, author_id, content, create_date, modify_date, subject) 
    values
        (default, ?, ?, ?, ?, ?)
Hibernate: 
    insert 
    into
        question
        (id, author_id, content, create_date, modify_date, subject) 
    values
        (default, ?, ?, ?, ?, ?)
Hibernate: 
    insert 
    into
        question
        (id, author_id, content, create_date, modify_date, subject) 
    values
        (default, ?, ?, ?, ?, ?)
Hibernate: 
    insert 
    into
        question
        (id, author_id, content, create_date, modify_date, subject) 
    values
        (default, ?, ?, ?, ?, ?)
Hibernate: 
    insert 
    into
        question
        (id, author_id, content, create_date, modify_date, subject) 
    values
        (default, ?, ?, ?, ?, ?)
Hibernate: 
    insert 
    into
        question
        (id, author_id, content, create_date, modify_date, subject) 
    values
        (default, ?, ?, ?, ?, ?)
Hibernate: 
    insert 
    into
        question
        (id, author_id, content, create_date, modify_date, subject) 
    values
        (default, ?, ?, ?, ?, ?)
Hibernate: 
    insert 
    into
        question
        (id, author_id, content, create_date, modify_date, subject) 
    values
        (default, ?, ?, ?, ?, ?)
Hibernate: 
    insert 
    into
        question
        (id, author_id, content, create_date, modify_date, subject) 
    values
        (default, ?, ?, ?, ?, ?)
Hibernate: 
    insert 
    into
        question
        (id, author_id, content, create_date, modify_date, subject) 
    values
        (default, ?, ?, ?, ?, ?)
Hibernate: 
    insert 
    into
        question
        (id, author_id, content, create_date, modify_date, subject) 
    values
        (default, ?, ?, ?, ?, ?)
Hibernate: 
    insert 
    into
        question
        (id, author_id, content, create_date, modify_date, subject) 
    values
        (default, ?, ?, ?, ?, ?)
Hibernate: 
    insert 
    into
        question
        (id, author_id, content, create_date, modify_date, subject) 
    values
        (default, ?, ?, ?, ?, ?)
Hibernate: 
    insert 
    into
        question
        (id, author_id, content, create_date, modify_date, subject) 
    values
        (default, ?, ?, ?, ?, ?)
Hibernate: 
    insert 
    into
        question
        (id, author_id, content, create_date, modify_date, subject) 
    values
        (default, ?, ?, ?, ?, ?)
Hibernate: 
    insert 
    into
        question
        (id, author_id, content, create_date, modify_date, subject) 
    values
        (default, ?, ?, ?, ?, ?)
Hibernate: 
    insert 
    into
        question
        (id, author_id, content, create_date, modify_date, subject) 
    values
        (default, ?, ?, ?, ?, ?)
Hibernate: 
    insert 
    into
        question
        (id, author_id, content, create_date, modify_date, subject) 
    values
        (default, ?, ?, ?, ?, ?)
Hibernate: 
    insert 
    into
        question
        (id, author_id, content, create_date, modify_date, subject) 
    values
        (default, ?, ?, ?, ?, ?)
Hibernate: 
    insert 
    into
        question
        (id, author_id, content, create_date, modify_date, subject) 
    values
        (default, ?, ?, ?, ?, ?)
Hibernate: 
    insert 
    into
        question
        (id, author_id, content, create_date, modify_date, subject) 
    values
        (default, ?, ?, ?, ?, ?)
Hibernate: 
    insert 
    into
        question
        (id, author_id, content, create_date, modify_date, subject) 
    values
        (default, ?, ?, ?, ?, ?)
Hibernate: 
    insert 
    into
        question
        (id, author_id, content, create_date, modify_date, subject) 
    values
        (default, ?, ?, ?, ?, ?)
Hibernate: 
    insert 
    into
        question
        (id, author_id, content, create_date, modify_date, subject) 
    values
        (default, ?, ?, ?, ?, ?)
Hibernate: 
    insert 
    into
        question
        (id, author_id, content, create_date, modify_date, subject) 
    values
        (default, ?, ?, ?, ?, ?)
Hibernate: 
    insert 
    into
        question
        (id, author_id, content, create_date, modify_date, subject) 
    values
        (default, ?, ?, ?, ?, ?)
Hibernate: 
    insert 
    into
        question
        (id, author_id, content, create_date, modify_date, subject) 
    values
        (default, ?, ?, ?, ?, ?)
Hibernate: 
    insert 
    into
        question
        (id, author_id, content, create_date, modify_date, subject) 
    values
        (default, ?, ?, ?, ?, ?)
Hibernate: 
    insert 
    into
        question
        (id, author_id, content, create_date, modify_date, subject) 
    values
        (default, ?, ?, ?, ?, ?)
Hibernate: 
    insert 
    into
        question
        (id, author_id, content, create_date, modify_date, subject) 
    values
        (default, ?, ?, ?, ?, ?)
Hibernate: 
    insert 
    into
        question
        (id, author_id, content, create_date, modify_date, subject) 
    values
        (default, ?, ?, ?, ?, ?)
Hibernate: 
    insert 
    into
        question
        (id, author_id, content, create_date, modify_date, subject) 
    values
        (default, ?, ?, ?, ?, ?)
Hibernate: 
    insert 
    into
        question
        (id, author_id, content, create_date, modify_date, subject) 
    values
        (default, ?, ?, ?, ?, ?)
Hibernate: 
    insert 
    into
        question
        (id, author_id, content, create_date, modify_date, subject) 
    values
        (default, ?, ?, ?, ?, ?)
Hibernate: 
    insert 
    into
        question
        (id, author_id, content, create_date, modify_date, subject) 
    values
        (default, ?, ?, ?, ?, ?)
Hibernate: 
    insert 
    into
        question
        (id, author_id, content, create_date, modify_date, subject) 
    values
        (default, ?, ?, ?, ?, ?)
Hibernate: 
    insert 
    into
        question
        (id, author_id, content, create_date, modify_date, subject) 
    values
        (default, ?, ?, ?, ?, ?)
Hibernate: 
    insert 
    into
        question
        (id, author_id, content, create_date, modify_date, subject) 
    values
        (default, ?, ?, ?, ?, ?)
Hibernate: 
    insert 
    into
        question
        (id, author_id, content, create_date, modify_date, subject) 
    values
        (default, ?, ?, ?, ?, ?)
Hibernate: 
    insert 
    into
        question
        (id, author_id, content, create_date, modify_date, subject) 
    values
        (default, ?, ?, ?, ?, ?)
Hibernate: 
    insert 
    into
        question
        (id, author_id, content, create_date, modify_date, subject) 
    values
        (default, ?, ?, ?, ?, ?)
Hibernate: 
    insert 
    into
        question
        (id, author_id, content, create_date, modify_date, subject) 
    values
        (default, ?, ?, ?, ?, ?)
Hibernate: 
    insert 
    into
        question
        (id, author_id, content, create_date, modify_date, subject) 
    values
        (default, ?, ?, ?, ?, ?)
Hibernate: 
    insert 
    into
        question
        (id, author_id, content, create_date, modify_date, subject) 
    values
        (default, ?, ?, ?, ?, ?)
Hibernate: 
    insert 
    into
        question
        (id, author_id, content, create_date, modify_date, subject) 
    values
        (default, ?, ?, ?, ?, ?)
Hibernate: 
    insert 
    into
        question
        (id, author_id, content, create_date, modify_date, subject) 
    values
        (default, ?, ?, ?, ?, ?)
Hibernate: 
    insert 
    into
        question
        (id, author_id, content, create_date, modify_date, subject) 
    values
        (default, ?, ?, ?, ?, ?)
Hibernate: 
    insert 
    into
        question
        (id, author_id, content, create_date, modify_date, subject) 
    values
        (default, ?, ?, ?, ?, ?)
Hibernate: 
    insert 
    into
        question
        (id, author_id, content, create_date, modify_date, subject) 
    values
        (default, ?, ?, ?, ?, ?)
Hibernate: 
    insert 
    into
        question
        (id, author_id, content, create_date, modify_date, subject) 
    values
        (default, ?, ?, ?, ?, ?)
Hibernate: 
    insert 
    into
        question
        (id, author_id, content, create_date, modify_date, subject) 
    values
        (default, ?, ?, ?, ?, ?)
Hibernate: 
    insert 
    into
        question
        (id, author_id, content, create_date, modify_date, subject) 
    values
        (default, ?, ?, ?, ?, ?)
Hibernate: 
    insert 
    into
        question
        (id, author_id, content, create_date, modify_date, subject) 
    values
        (default, ?, ?, ?, ?, ?)
Hibernate: 
    insert 
    into
        question
        (id, author_id, content, create_date, modify_date, subject) 
    values
        (default, ?, ?, ?, ?, ?)
Hibernate: 
    insert 
    into
        question
        (id, author_id, content, create_date, modify_date, subject) 
    values
        (default, ?, ?, ?, ?, ?)
Hibernate: 
    insert 
    into
        question
        (id, author_id, content, create_date, modify_date, subject) 
    values
        (default, ?, ?, ?, ?, ?)
Hibernate: 
    insert 
    into
        question
        (id, author_id, content, create_date, modify_date, subject) 
    values
        (default, ?, ?, ?, ?, ?)
Hibernate: 
    insert 
    into
        question
        (id, author_id, content, create_date, modify_date, subject) 
    values
        (default, ?, ?, ?, ?, ?)
Hibernate: 
    insert 
    into
        question
        (id, author_id, content, create_date, modify_date, subject) 
    values
        (default, ?, ?, ?, ?, ?)
Hibernate: 
    insert 
    into
        question
        (id, author_id, content, create_date, modify_date, subject) 
    values
        (default, ?, ?, ?, ?, ?)
Hibernate: 
    insert 
    into
        question
        (id, author_id, content, create_date, modify_date, subject) 
    values
        (default, ?, ?, ?, ?, ?)
Hibernate: 
    insert 
    into
        question
        (id, author_id, content, create_date, modify_date, subject) 
    values
        (default, ?, ?, ?, ?, ?)
Hibernate: 
    insert 
    into
        question
        (id, author_id, content, create_date, modify_date, subject) 
    values
        (default, ?, ?, ?, ?, ?)
Hibernate: 
    insert 
    into
        question
        (id, author_id, content, create_date, modify_date, subject) 
    values
        (default, ?, ?, ?, ?, ?)
Hibernate: 
    insert 
    into
        question
        (id, author_id, content, create_date, modify_date, subject) 
    values
        (default, ?, ?, ?, ?, ?)
Hibernate: 
    insert 
    into
        question
        (id, author_id, content, create_date, modify_date, subject) 
    values
        (default, ?, ?, ?, ?, ?)
Hibernate: 
    insert 
    into
        question
        (id, author_id, content, create_date, modify_date, subject) 
    values
        (default, ?, ?, ?, ?, ?)
Hibernate: 
    insert 
    into
        question
        (id, author_id, content, create_date, modify_date, subject) 
    values
        (default, ?, ?, ?, ?, ?)
Hibernate: 
    insert 
    into
        question
        (id, author_id, content, create_date, modify_date, subject) 
    values
        (default, ?, ?, ?, ?, ?)
Hibernate: 
    insert 
    into
        question
        (id, author_id, content, create_date, modify_date, subject) 
    values
        (default, ?, ?, ?, ?, ?)
Hibernate: 
    insert 
    into
        question
        (id, author_id, content, create_date, modify_date, subject) 
    values
        (default, ?, ?, ?, ?, ?)
Hibernate: 
    insert 
    into
        question
        (id, author_id, content, create_date, modify_date, subject) 
    values
        (default, ?, ?, ?, ?, ?)
Hibernate: 
    insert 
    into
        question
        (id, author_id, content, create_date, modify_date, subject) 
    values
        (default, ?, ?, ?, ?, ?)
Hibernate: 
    insert 
    into
        question
        (id, author_id, content, create_date, modify_date, subject) 
    values
        (default, ?, ?, ?, ?, ?)
Hibernate: 
    insert 
    into
        question
        (id, author_id, content, create_date, modify_date, subject) 
    values
        (default, ?, ?, ?, ?, ?)
Hibernate: 
    insert 
    into
        question
        (id, author_id, content, create_date, modify_date, subject) 
    values
        (default, ?, ?, ?, ?, ?)
Hibernate: 
    insert 
    into
        question
        (id, author_id, content, create_date, modify_date, subject) 
    values
        (default, ?, ?, ?, ?, ?)
Hibernate: 
    insert 
    into
        question
        (id, author_id, content, create_date, modify_date, subject) 
    values
        (default, ?, ?, ?, ?, ?)
Hibernate: 
    insert 
    into
        question
        (id, author_id, content, create_date, modify_date, subject) 
    values
        (default, ?, ?, ?, ?, ?)
Hibernate: 
    insert 
    into
        question
        (id, author_id, content, create_date, modify_date, subject) 
    values
        (default, ?, ?, ?, ?, ?)
Hibernate: 
    insert 
    into
        question
        (id, author_id, content, create_date, modify_date, subject) 
    values
        (default, ?, ?, ?, ?, ?)
Hibernate: 
    insert 
    into
        question
        (id, author_id, content, create_date, modify_date, subject) 
    values
        (default, ?, ?, ?, ?, ?)
Hibernate: 
    insert 
    into
        question
        (id, author_id, content, create_date, modify_date, subject) 
    values
        (default, ?, ?, ?, ?, ?)
Hibernate: 
    insert 
    into
        question
        (id, author_id, content, create_date, modify_date, subject) 
    values
        (default, ?, ?, ?, ?, ?)
Hibernate: 
    insert 
    into
        question
        (id, author_id, content, create_date, modify_date, subject) 
    values
        (default, ?, ?, ?, ?, ?)
Hibernate: 
    insert 
    into
        question
        (id, author_id, content, create_date, modify_date, subject) 
    values
        (default, ?, ?, ?, ?, ?)
Hibernate: 
    insert 
    into
        question
        (id, author_id, content, create_date, modify_date, subject) 
    values
        (default, ?, ?, ?, ?, ?)
Hibernate: 
    insert 
    into
        question
        (id, author_id, content, create_date, modify_date, subject) 
    values
        (default, ?, ?, ?, ?, ?)
Hibernate: 
    insert 
    into
        question
        (id, author_id, content, create_date, modify_date, subject) 
    values
        (default, ?, ?, ?, ?, ?)
Hibernate: 
    insert 
    into
        question
        (id, author_id, content, create_date, modify_date, subject) 
    values
        (default, ?, ?, ?, ?, ?)
Hibernate: 
    insert 
    into
        question
        (id, author_id, content, create_date, modify_date, subject) 
    values
        (default, ?, ?, ?, ?, ?)
Hibernate: 
    insert 
    into
        question
        (id, author_id, content, create_date, modify_date, subject) 
    values
        (default, ?, ?, ?, ?, ?)
Hibernate: 
    insert 
    into
        question
        (id, author_id, content, create_date, modify_date, subject) 
    values
        (default, ?, ?, ?, ?, ?)
Hibernate: 
    insert 
    into
        question
        (id, author_id, content, create_date, modify_date, subject) 
    values
        (default, ?, ?, ?, ?, ?)
Hibernate: 
    insert 
    into
        question
        (id, author_id, content, create_date, modify_date, subject) 
    values
        (default, ?, ?, ?, ?, ?)
Hibernate: 
    insert 
    into
        question
        (id, author_id, content, create_date, modify_date, subject) 
    values
        (default, ?, ?, ?, ?, ?)
Hibernate: 
    insert 
    into
        question
        (id, author_id, content, create_date, modify_date, subject) 
    values
        (default, ?, ?, ?, ?, ?)
Hibernate: 
    insert 
    into
        question
        (id, author_id, content, create_date, modify_date, subject) 
    values
        (default, ?, ?, ?, ?, ?)
Hibernate: 
    insert 
    into
        question
        (id, author_id, content, create_date, modify_date, subject) 
    values
        (default, ?, ?, ?, ?, ?)
Hibernate: 
    insert 
    into
        question
        (id, author_id, content, create_date, modify_date, subject) 
    values
        (default, ?, ?, ?, ?, ?)
Hibernate: 
    insert 
    into
        question
        (id, author_id, content, create_date, modify_date, subject) 
    values
        (default, ?, ?, ?, ?, ?)
Hibernate: 
    insert 
    into
        question
        (id, author_id, content, create_date, modify_date, subject) 
    values
        (default, ?, ?, ?, ?, ?)
Hibernate: 
    insert 
    into
        question
        (id, author_id, content, create_date, modify_date, subject) 
    values
        (default, ?, ?, ?, ?, ?)
Hibernate: 
    insert 
    into
        question
        (id, author_id, content, create_date, modify_date, subject) 
    values
        (default, ?, ?, ?, ?, ?)
Hibernate: 
    insert 
    into
        question
        (id, author_id, content, create_date, modify_date, subject) 
    values
        (default, ?, ?, ?, ?, ?)
Hibernate: 
    insert 
    into
        question
        (id, author_id, content, create_date, modify_date, subject) 
    values
        (default, ?, ?, ?, ?, ?)
Hibernate: 
    insert 
    into
        question
        (id, author_id, content, create_date, modify_date, subject) 
    values
        (default, ?, ?, ?, ?, ?)
Hibernate: 
    insert 
    into
        question
        (id, author_id, content, create_date, modify_date, subject) 
    values
        (default, ?, ?, ?, ?, ?)
Hibernate: 
    insert 
    into
        question
        (id, author_id, content, create_date, modify_date, subject) 
    values
        (default, ?, ?, ?, ?, ?)
Hibernate: 
    insert 
    into
        question
        (id, author_id, content, create_date, modify_date, subject) 
    values
        (default, ?, ?, ?, ?, ?)
Hibernate: 
    insert 
    into
        question
        (id, author_id, content, create_date, modify_date, subject) 
    values
        (default, ?, ?, ?, ?, ?)
Hibernate: 
    insert 
    into
        question
        (id, author_id, content, create_date, modify_date, subject) 
    values
        (default, ?, ?, ?, ?, ?)
Hibernate: 
    insert 
    into
        question
        (id, author_id, content, create_date, modify_date, subject) 
    values
        (default, ?, ?, ?, ?, ?)
Hibernate: 
    insert 
    into
        question
        (id, author_id, content, create_date, modify_date, subject) 
    values
        (default, ?, ?, ?, ?, ?)
Hibernate: 
    insert 
    into
        question
        (id, author_id, content, create_date, modify_date, subject) 
    values
        (default, ?, ?, ?, ?, ?)
Hibernate: 
    insert 
    into
        question
        (id, author_id, content, create_date, modify_date, subject) 
    values
        (default, ?, ?, ?, ?, ?)
Hibernate: 
    insert 
    into
        question
        (id, author_id, content, create_date, modify_date, subject) 
    values
        (default, ?, ?, ?, ?, ?)
Hibernate: 
    insert 
    into
        question
        (id, author_id, content, create_date, modify_date, subject) 
    values
        (default, ?, ?, ?, ?, ?)
Hibernate: 
    insert 
    into
        question
        (id, author_id, content, create_date, modify_date, subject) 
    values
        (default, ?, ?, ?, ?, ?)
Hibernate: 
    insert 
    into
        question
        (id, author_id, content, create_date, modify_date, subject) 
    values
        (default, ?, ?, ?, ?, ?)
Hibernate: 
    insert 
    into
        question
        (id, author_id, content, create_date, modify_date, subject) 
    values
        (default, ?, ?, ?, ?, ?)
Hibernate: 
    insert 
    into
        question
        (id, author_id, content, create_date, modify_date, subject) 
    values
        (default, ?, ?, ?, ?, ?)
Hibernate: 
    insert 
    into
        question
        (id, author_id, content, create_date, modify_date, subject) 
    values
        (default, ?, ?, ?, ?, ?)
Hibernate: 
    insert 
    into
        question
        (id, author_id, content, create_date, modify_date, subject) 
    values
        (default, ?, ?, ?, ?, ?)
Hibernate: 
    insert 
    into
        question
        (id, author_id, content, create_date, modify_date, subject) 
    values
        (default, ?, ?, ?, ?, ?)
Hibernate: 
    insert 
    into
        question
        (id, author_id, content, create_date, modify_date, subject) 
    values
        (default, ?, ?, ?, ?, ?)
Hibernate: 
    insert 
    into
        question
        (id, author_id, content, create_date, modify_date, subject) 
    values
        (default, ?, ?, ?, ?, ?)
Hibernate: 
    insert 
    into
        question
        (id, author_id, content, create_date, modify_date, subject) 
    values
        (default, ?, ?, ?, ?, ?)
Hibernate: 
    insert 
    into
        question
        (id, author_id, content, create_date, modify_date, subject) 
    values
        (default, ?, ?, ?, ?, ?)
Hibernate: 
    insert 
    into
        question
        (id, author_id, content, create_date, modify_date, subject) 
    values
        (default, ?, ?, ?, ?, ?)
Hibernate: 
    insert 
    into
        question
        (id, author_id, content, create_date, modify_date, subject) 
    values
        (default, ?, ?, ?, ?, ?)
Hibernate: 
    insert 
    into
        question
        (id, author_id, content, create_date, modify_date, subject) 
    values
        (default, ?, ?, ?, ?, ?)
Hibernate: 
    insert 
    into
        question
        (id, author_id, content, create_date, modify_date, subject) 
    values
        (default, ?, ?, ?, ?, ?)
Hibernate: 
    insert 
    into
        question
        (id, author_id, content, create_date, modify_date, subject) 
    values
        (default, ?, ?, ?, ?, ?)
Hibernate: 
    insert 
    into
        question
        (id, author_id, content, create_date, modify_date, subject) 
    values
        (default, ?, ?, ?, ?, ?)
Hibernate: 
    insert 
    into
        question
        (id, author_id, content, create_date, modify_date, subject) 
    values
        (default, ?, ?, ?, ?, ?)
Hibernate: 
    insert 
    into
        question
        (id, author_id, content, create_date, modify_date, subject) 
    values
        (default, ?, ?, ?, ?, ?)
Hibernate: 
    insert 
    into
        question
        (id, author_id, content, create_date, modify_date, subject) 
    values
        (default, ?, ?, ?, ?, ?)
Hibernate: 
    insert 
    into
        question
        (id, author_id, content, create_date, modify_date, subject) 
    values
        (default, ?, ?, ?, ?, ?)
Hibernate: 
    insert 
    into
        question
        (id, author_id, content, create_date, modify_date, subject) 
    values
        (default, ?, ?, ?, ?, ?)
Hibernate: 
    insert 
    into
        question
        (id, author_id, content, create_date, modify_date, subject) 
    values
        (default, ?, ?, ?, ?, ?)
Hibernate: 
    insert 
    into
        question
        (id, author_id, content, create_date, modify_date, subject) 
    values
        (default, ?, ?, ?, ?, ?)
Hibernate: 
    insert 
    into
        question
        (id, author_id, content, create_date, modify_date, subject) 
    values
        (default, ?, ?, ?, ?, ?)
Hibernate: 
    insert 
    into
        question
        (id, author_id, content, create_date, modify_date, subject) 
    values
        (default, ?, ?, ?, ?, ?)
Hibernate: 
    insert 
    into
        question
        (id, author_id, content, create_date, modify_date, subject) 
    values
        (default, ?, ?, ?, ?, ?)
Hibernate: 
    insert 
    into
        question
        (id, author_id, content, create_date, modify_date, subject) 
    values
        (default, ?, ?, ?, ?, ?)
Hibernate: 
    insert 
    into
        question
        (id, author_id, content, create_date, modify_date, subject) 
    values
        (default, ?, ?, ?, ?, ?)
Hibernate: 
    insert 
    into
        question
        (id, author_id, content, create_date, modify_date, subject) 
    values
        (default, ?, ?, ?, ?, ?)
Hibernate: 
    insert 
    into
        question
        (id, author_id, content, create_date, modify_date, subject) 
    values
        (default, ?, ?, ?, ?, ?)
Hibernate: 
    insert 
    into
        question
        (id, author_id, content, create_date, modify_date, subject) 
    values
        (default, ?, ?, ?, ?, ?)
Hibernate: 
    insert 
    into
        question
        (id, author_id, content, create_date, modify_date, subject) 
    values
        (default, ?, ?, ?, ?, ?)
Hibernate: 
    insert 
    into
        question
        (id, author_id, content, create_date, modify_date, subject) 
    values
        (default, ?, ?, ?, ?, ?)
Hibernate: 
    insert 
    into
        question
        (id, author_id, content, create_date, modify_date, subject) 
    values
        (default, ?, ?, ?, ?, ?)
Hibernate: 
    insert 
    into
        question
        (id, author_id, content, create_date, modify_date, subject) 
    values
        (default, ?, ?, ?, ?, ?)
Hibernate: 
    insert 
    into
        question
        (id, author_id, content, create_date, modify_date, subject) 
    values
        (default, ?, ?, ?, ?, ?)
Hibernate: 
    insert 
    into
        question
        (id, author_id, content, create_date, modify_date, subject) 
    values
        (default, ?, ?, ?, ?, ?)
Hibernate: 
    insert 
    into
        question
        (id, author_id, content, create_date, modify_date, subject) 
    values
        (default, ?, ?, ?, ?, ?)
Hibernate: 
    insert 
    into
        question
        (id, author_id, content, create_date, modify_date, subject) 
    values
        (default, ?, ?, ?, ?, ?)
Hibernate: 
    insert 
    into
        question
        (id, author_id, content, create_date, modify_date, subject) 
    values
        (default, ?, ?, ?, ?, ?)
Hibernate: 
    insert 
    into
        question
        (id, author_id, content, create_date, modify_date, subject) 
    values
        (default, ?, ?, ?, ?, ?)
Hibernate: 
    insert 
    into
        question
        (id, author_id, content, create_date, modify_date, subject) 
    values
        (default, ?, ?, ?, ?, ?)
Hibernate: 
    insert 
    into
        question
        (id, author_id, content, create_date, modify_date, subject) 
    values
        (default, ?, ?, ?, ?, ?)
Hibernate: 
    insert 
    into
        question
        (id, author_id, content, create_date, modify_date, subject) 
    values
        (default, ?, ?, ?, ?, ?)
Hibernate: 
    insert 
    into
        question
        (id, author_id, content, create_date, modify_date, subject) 
    values
        (default, ?, ?, ?, ?, ?)
Hibernate: 
    insert 
    into
        question
        (id, author_id, content, create_date, modify_date, subject) 
    values
        (default, ?, ?, ?, ?, ?)
Hibernate: 
    insert 
    into
        question
        (id, author_id, content, create_date, modify_date, subject) 
    values
        (default, ?, ?, ?, ?, ?)
Hibernate: 
    insert 
    into
        question
        (id, author_id, content, create_date, modify_date, subject) 
    values
        (default, ?, ?, ?, ?, ?)
Hibernate: 
    insert 
    into
        question
        (id, author_id, content, create_date, modify_date, subject) 
    values
        (default, ?, ?, ?, ?, ?)
Hibernate: 
    insert 
    into
        question
        (id, author_id, content, create_date, modify_date, subject) 
    values
        (default, ?, ?, ?, ?, ?)
Hibernate: 
    insert 
    into
        question
        (id, author_id, content, create_date, modify_date, subject) 
    values
        (default, ?, ?, ?, ?, ?)
Hibernate: 
    insert 
    into
        question
        (id, author_id, content, create_date, modify_date, subject) 
    values
        (default, ?, ?, ?, ?, ?)
Hibernate: 
    insert 
    into
        question
        (id, author_id, content, create_date, modify_date, subject) 
    values
        (default, ?, ?, ?, ?, ?)
Hibernate: 
    insert 
    into
        question
        (id, author_id, content, create_date, modify_date, subject) 
    values
        (default, ?, ?, ?, ?, ?)
Hibernate: 
    insert 
    into
        question
        (id, author_id, content, create_date, modify_date, subject) 
    values
        (default, ?, ?, ?, ?, ?)
Hibernate: 
    insert 
    into
        question
        (id, author_id, content, create_date, modify_date, subject) 
    values
        (default, ?, ?, ?, ?, ?)
Hibernate: 
    insert 
    into
        question
        (id, author_id, content, create_date, modify_date, subject) 
    values
        (default, ?, ?, ?, ?, ?)
Hibernate: 
    insert 
    into
        question
        (id, author_id, content, create_date, modify_date, subject) 
    values
        (default, ?, ?, ?, ?, ?)
Hibernate: 
    insert 
    into
        question
        (id, author_id, content, create_date, modify_date, subject) 
    values
        (default, ?, ?, ?, ?, ?)
Hibernate: 
    insert 
    into
        question
        (id, author_id, content, create_date, modify_date, subject) 
    values
        (default, ?, ?, ?, ?, ?)
Hibernate: 
    insert 
    into
        question
        (id, author_id, content, create_date, modify_date, subject) 
    values
        (default, ?, ?, ?, ?, ?)
Hibernate: 
    insert 
    into
        question
        (id, author_id, content, create_date, modify_date, subject) 
    values
        (default, ?, ?, ?, ?, ?)
Hibernate: 
    insert 
    into
        question
        (id, author_id, content, create_date, modify_date, subject) 
    values
        (default, ?, ?, ?, ?, ?)
Hibernate: 
    insert 
    into
        question
        (id, author_id, content, create_date, modify_date, subject) 
    values
        (default, ?, ?, ?, ?, ?)
Hibernate: 
    insert 
    into
        question
        (id, author_id, content, create_date, modify_date, subject) 
    values
        (default, ?, ?, ?, ?, ?)
Hibernate: 
    insert 
    into
        question
        (id, author_id, content, create_date, modify_date, subject) 
    values
        (default, ?, ?, ?, ?, ?)
Hibernate: 
    insert 
    into
        question
        (id, author_id, content, create_date, modify_date, subject) 
    values
        (default, ?, ?, ?, ?, ?)
Hibernate: 
    insert 
    into
        question
        (id, author_id, content, create_date, modify_date, subject) 
    values
        (default, ?, ?, ?, ?, ?)
Hibernate: 
    insert 
    into
        question
        (id, author_id, content, create_date, modify_date, subject) 
    values
        (default, ?, ?, ?, ?, ?)
Hibernate: 
    insert 
    into
        question
        (id, author_id, content, create_date, modify_date, subject) 
    values
        (default, ?, ?, ?, ?, ?)
Hibernate: 
    insert 
    into
        answer
        (id, author_id, content, create_date, modify_date, question_id) 
    values
        (default, ?, ?, ?, ?, ?)
Hibernate: 
    insert 
    into
        answer
        (id, author_id, content, create_date, modify_date, question_id) 
    values
        (default, ?, ?, ?, ?, ?)
Hibernate: 
    insert 
    into
        answer
        (id, author_id, content, create_date, modify_date, question_id) 
    values
        (default, ?, ?, ?, ?, ?)
Hibernate: 
    insert 
    into
        answer
        (id, author_id, content, create_date, modify_date, question_id) 
    values
        (default, ?, ?, ?, ?, ?)
Hibernate: 
    insert 
    into
        answer
        (id, author_id, content, create_date, modify_date, question_id) 
    values
        (default, ?, ?, ?, ?, ?)
Hibernate: 
    insert 
    into
        answer
        (id, author_id, content, create_date, modify_date, question_id) 
    values
        (default, ?, ?, ?, ?, ?)
Hibernate: 
    insert 
    into
        answer
        (id, author_id, content, create_date, modify_date, question_id) 
    values
        (default, ?, ?, ?, ?, ?)
Hibernate: 
    insert 
    into
        answer
        (id, author_id, content, create_date, modify_date, question_id) 
    values
        (default, ?, ?, ?, ?, ?)
Hibernate: 
    insert 
    into
        answer
        (id, author_id, content, create_date, modify_date, question_id) 
    values
        (default, ?, ?, ?, ?, ?)
Hibernate: 
    insert 
    into
        answer
        (id, author_id, content, create_date, modify_date, question_id) 
    values
        (default, ?, ?, ?, ?, ?)
Hibernate: 
    insert 
    into
        answer
        (id, author_id, content, create_date, modify_date, question_id) 
    values
        (default, ?, ?, ?, ?, ?)
Hibernate: 
    insert 
    into
        answer
        (id, author_id, content, create_date, modify_date, question_id) 
    values
        (default, ?, ?, ?, ?, ?)
Hibernate: 
    insert 
    into
        answer
        (id, author_id, content, create_date, modify_date, question_id) 
    values
        (default, ?, ?, ?, ?, ?)
Hibernate: 
    insert 
    into
        answer
        (id, author_id, content, create_date, modify_date, question_id) 
    values
        (default, ?, ?, ?, ?, ?)
Hibernate: 
    insert 
    into
        answer
        (id, author_id, content, create_date, modify_date, question_id) 
    values
        (default, ?, ?, ?, ?, ?)
Hibernate: 
    insert 
    into
        answer
        (id, author_id, content, create_date, modify_date, question_id) 
    values
        (default, ?, ?, ?, ?, ?)
Hibernate: 
    insert 
    into
        answer
        (id, author_id, content, create_date, modify_date, question_id) 
    values
        (default, ?, ?, ?, ?, ?)
Hibernate: 
    insert 
    into
        answer
        (id, author_id, content, create_date, modify_date, question_id) 
    values
        (default, ?, ?, ?, ?, ?)
Hibernate: 
    insert 
    into
        answer
        (id, author_id, content, create_date, modify_date, question_id) 
    values
        (default, ?, ?, ?, ?, ?)
Hibernate: 
    insert 
    into
        answer
        (id, author_id, content, create_date, modify_date, question_id) 
    values
        (default, ?, ?, ?, ?, ?)
Hibernate: 
    insert 
    into
        answer
        (id, author_id, content, create_date, modify_date, question_id) 
    values
        (default, ?, ?, ?, ?, ?)
Hibernate: 
    insert 
    into
        answer
        (id, author_id, content, create_date, modify_date, question_id) 
    values
        (default, ?, ?, ?, ?, ?)
Hibernate: 
    insert 
    into
        answer
        (id, author_id, content, create_date, modify_date, question_id) 
    values
        (default, ?, ?, ?, ?, ?)
Hibernate: 
    insert 
    into
        answer
        (id, author_id, content, create_date, modify_date, question_id) 
    values
        (default, ?, ?, ?, ?, ?)
Hibernate: 
    insert 
    into
        answer
        (id, author_id, content, create_date, modify_date, question_id) 
    values
        (default, ?, ?, ?, ?, ?)
Hibernate: 
    insert 
    into
        answer
        (id, author_id, content, create_date, modify_date, question_id) 
    values
        (default, ?, ?, ?, ?, ?)
Hibernate: 
    insert 
    into
        answer
        (id, author_id, content, create_date, modify_date, question_id) 
    values
        (default, ?, ?, ?, ?, ?)
Hibernate: 
    insert 
    into
        answer
        (id, author_id, content, create_date, modify_date, question_id) 
    values
        (default, ?, ?, ?, ?, ?)
Hibernate: 
    insert 
    into
        answer
        (id, author_id, content, create_date, modify_date, question_id) 
    values
        (default, ?, ?, ?, ?, ?)
Hibernate: 
    insert 
    into
        answer
        (id, author_id, content, create_date, modify_date, question_id) 
    values
        (default, ?, ?, ?, ?, ?)
Hibernate: 
    insert 
    into
        answer
        (id, author_id, content, create_date, modify_date, question_id) 
    values
        (default, ?, ?, ?, ?, ?)
Hibernate: 
    insert 
    into
        answer
        (id, author_id, content, create_date, modify_date, question_id) 
    values
        (default, ?, ?, ?, ?, ?)
Hibernate: 
    insert 
    into
        answer
        (id, author_id, content, create_date, modify_date, question_id) 
    values
        (default, ?, ?, ?, ?, ?)
Hibernate: 
    insert 
    into
        answer
        (id, author_id, content, create_date, modify_date, question_id) 
    values
        (default, ?, ?, ?, ?, ?)
Hibernate: 
    insert 
    into
        answer
        (id, author_id, content, create_date, modify_date, question_id) 
    values
        (default, ?, ?, ?, ?, ?)
Hibernate: 
    insert 
    into
        answer
        (id, author_id, content, create_date, modify_date, question_id) 
    values
        (default, ?, ?, ?, ?, ?)
Hibernate: 
    insert 
    into
        answer
        (id, author_id, content, create_date, modify_date, question_id) 
    values
        (default, ?, ?, ?, ?, ?)
Hibernate: 
    insert 
    into
        answer
        (id, author_id, content, create_date, modify_date, question_id) 
    values
        (default, ?, ?, ?, ?, ?)
Hibernate: 
    insert 
    into
        answer
        (id, author_id, content, create_date, modify_date, question_id) 
    values
        (default, ?, ?, ?, ?, ?)
Hibernate: 
    insert 
    into
        answer
        (id, author_id, content, create_date, modify_date, question_id) 
    values
        (default, ?, ?, ?, ?, ?)
Hibernate: 
    insert 
    into
        answer
        (id, author_id, content, create_date, modify_date, question_id) 
    values
        (default, ?, ?, ?, ?, ?)
Hibernate: 
    insert 
    into
        answer
        (id, author_id, content, create_date, modify_date, question_id) 
    values
        (default, ?, ?, ?, ?, ?)
Hibernate: 
    insert 
    into
        answer
        (id, author_id, content, create_date, modify_date, question_id) 
    values
        (default, ?, ?, ?, ?, ?)
Hibernate: 
    insert 
    into
        answer
        (id, author_id, content, create_date, modify_date, question_id) 
    values
        (default, ?, ?, ?, ?, ?)
Hibernate: 
    insert 
    into
        answer
        (id, author_id, content, create_date, modify_date, question_id) 
    values
        (default, ?, ?, ?, ?, ?)
Hibernate: 
    insert 
    into
        answer
        (id, author_id, content, create_date, modify_date, question_id) 
    values
        (default, ?, ?, ?, ?, ?)
Hibernate: 
    insert 
    into
        answer
        (id, author_id, content, create_date, modify_date, question_id) 
    values
        (default, ?, ?, ?, ?, ?)
Hibernate: 
    insert 
    into
        answer
        (id, author_id, content, create_date, modify_date, question_id) 
    values
        (default, ?, ?, ?, ?, ?)
Hibernate: 
    insert 
    into
        answer
        (id, author_id, content, create_date, modify_date, question_id) 
    values
        (default, ?, ?, ?, ?, ?)
Hibernate: 
    insert 
    into
        answer
        (id, author_id, content, create_date, modify_date, question_id) 
    values
        (default, ?, ?, ?, ?, ?)
Hibernate: 
    insert 
    into
        answer
        (id, author_id, content, create_date, modify_date, question_id) 
    values
        (default, ?, ?, ?, ?, ?)
Hibernate: 
    insert 
    into
        answer
        (id, author_id, content, create_date, modify_date, question_id) 
    values
        (default, ?, ?, ?, ?, ?)
Hibernate: 
    insert 
    into
        answer
        (id, author_id, content, create_date, modify_date, question_id) 
    values
        (default, ?, ?, ?, ?, ?)
Hibernate: 
    insert 
    into
        answer
        (id, author_id, content, create_date, modify_date, question_id) 
    values
        (default, ?, ?, ?, ?, ?)
Hibernate: 
    insert 
    into
        answer
        (id, author_id, content, create_date, modify_date, question_id) 
    values
        (default, ?, ?, ?, ?, ?)
Hibernate: 
    insert 
    into
        answer
        (id, author_id, content, create_date, modify_date, question_id) 
    values
        (default, ?, ?, ?, ?, ?)
Hibernate: 
    insert 
    into
        answer
        (id, author_id, content, create_date, modify_date, question_id) 
    values
        (default, ?, ?, ?, ?, ?)
Hibernate: 
    insert 
    into
        answer
        (id, author_id, content, create_date, modify_date, question_id) 
    values
        (default, ?, ?, ?, ?, ?)
Hibernate: 
    insert 
    into
        answer
        (id, author_id, content, create_date, modify_date, question_id) 
    values
        (default, ?, ?, ?, ?, ?)
Hibernate: 
    insert 
    into
        answer
        (id, author_id, content, create_date, modify_date, question_id) 
    values
        (default, ?, ?, ?, ?, ?)
Hibernate: 
    insert 
    into
        answer
        (id, author_id, content, create_date, modify_date, question_id) 
    values
        (default, ?, ?, ?, ?, ?)
Hibernate: 
    insert 
    into
        answer
        (id, author_id, content, create_date, modify_date, question_id) 
    values
        (default, ?, ?, ?, ?, ?)
Hibernate: 
    insert 
    into
        answer
        (id, author_id, content, create_date, modify_date, question_id) 
    values
        (default, ?, ?, ?, ?, ?)
Hibernate: 
    insert 
    into
        answer
        (id, author_id, content, create_date, modify_date, question_id) 
    values
        (default, ?, ?, ?, ?, ?)
Hibernate: 
    insert 
    into
        answer
        (id, author_id, content, create_date, modify_date, question_id) 
    values
        (default, ?, ?, ?, ?, ?)
Hibernate: 
    insert 
    into
        answer
        (id, author_id, content, create_date, modify_date, question_id) 
    values
        (default, ?, ?, ?, ?, ?)
Hibernate: 
    insert 
    into
        answer
        (id, author_id, content, create_date, modify_date, question_id) 
    values
        (default, ?, ?, ?, ?, ?)
Hibernate: 
    insert 
    into
        answer
        (id, author_id, content, create_date, modify_date, question_id) 
    values
        (default, ?, ?, ?, ?, ?)
Hibernate: 
    insert 
    into
        answer
        (id, author_id, content, create_date, modify_date, question_id) 
    values
        (default, ?, ?, ?, ?, ?)
Hibernate: 
    insert 
    into
        answer
        (id, author_id, content, create_date, modify_date, question_id) 
    values
        (default, ?, ?, ?, ?, ?)
Hibernate: 
    insert 
    into
        answer
        (id, author_id, content, create_date, modify_date, question_id) 
    values
        (default, ?, ?, ?, ?, ?)
Hibernate: 
    insert 
    into
        answer
        (id, author_id, content, create_date, modify_date, question_id) 
    values
        (default, ?, ?, ?, ?, ?)
Hibernate: 
    insert 
    into
        answer
        (id, author_id, content, create_date, modify_date, question_id) 
    values
        (default, ?, ?, ?, ?, ?)
Hibernate: 
    insert 
    into
        answer
        (id, author_id, content, create_date, modify_date, question_id) 
    values
        (default, ?, ?, ?, ?, ?)
Hibernate: 
    insert 
    into
        answer
        (id, author_id, content, create_date, modify_date, question_id) 
    values
        (default, ?, ?, ?, ?, ?)
Hibernate: 
    insert 
    into
        answer
        (id, author_id, content, create_date, modify_date, question_id) 
    values
        (default, ?, ?, ?, ?, ?)
Hibernate: 
    insert 
    into
        answer
        (id, author_id, content, create_date, modify_date, question_id) 
    values
        (default, ?, ?, ?, ?, ?)
Hibernate: 
    insert 
    into
        answer
        (id, author_id, content, create_date, modify_date, question_id) 
    values
        (default, ?, ?, ?, ?, ?)
Hibernate: 
    insert 
    into
        answer
        (id, author_id, content, create_date, modify_date, question_id) 
    values
        (default, ?, ?, ?, ?, ?)
Hibernate: 
    insert 
    into
        answer
        (id, author_id, content, create_date, modify_date, question_id) 
    values
        (default, ?, ?, ?, ?, ?)
Hibernate: 
    insert 
    into
        answer
        (id, author_id, content, create_date, modify_date, question_id) 
    values
        (default, ?, ?, ?, ?, ?)
Hibernate: 
    insert 
    into
        answer
        (id, author_id, content, create_date, modify_date, question_id) 
    values
        (default, ?, ?, ?, ?, ?)
Hibernate: 
    insert 
    into
        answer
        (id, author_id, content, create_date, modify_date, question_id) 
    values
        (default, ?, ?, ?, ?, ?)
Hibernate: 
    insert 
    into
        answer
        (id, author_id, content, create_date, modify_date, question_id) 
    values
        (default, ?, ?, ?, ?, ?)
Hibernate: 
    insert 
    into
        answer
        (id, author_id, content, create_date, modify_date, question_id) 
    values
        (default, ?, ?, ?, ?, ?)
Hibernate: 
    insert 
    into
        answer
        (id, author_id, content, create_date, modify_date, question_id) 
    values
        (default, ?, ?, ?, ?, ?)
Hibernate: 
    insert 
    into
        answer
        (id, author_id, content, create_date, modify_date, question_id) 
    values
        (default, ?, ?, ?, ?, ?)
Hibernate: 
    insert 
    into
        answer
        (id, author_id, content, create_date, modify_date, question_id) 
    values
        (default, ?, ?, ?, ?, ?)
Hibernate: 
    insert 
    into
        answer
        (id, author_id, content, create_date, modify_date, question_id) 
    values
        (default, ?, ?, ?, ?, ?)
Hibernate: 
    insert 
    into
        answer
        (id, author_id, content, create_date, modify_date, question_id) 
    values
        (default, ?, ?, ?, ?, ?)
Hibernate: 
    insert 
    into
        answer
        (id, author_id, content, create_date, modify_date, question_id) 
    values
        (default, ?, ?, ?, ?, ?)
Hibernate: 
    insert 
    into
        answer
        (id, author_id, content, create_date, modify_date, question_id) 
    values
        (default, ?, ?, ?, ?, ?)
Hibernate: 
    insert 
    into
        answer
        (id, author_id, content, create_date, modify_date, question_id) 
    values
        (default, ?, ?, ?, ?, ?)
Hibernate: 
    insert 
    into
        answer
        (id, author_id, content, create_date, modify_date, question_id) 
    values
        (default, ?, ?, ?, ?, ?)
Hibernate: 
    insert 
    into
        answer
        (id, author_id, content, create_date, modify_date, question_id) 
    values
        (default, ?, ?, ?, ?, ?)
Hibernate: 
    insert 
    into
        answer
        (id, author_id, content, create_date, modify_date, question_id) 
    values
        (default, ?, ?, ?, ?, ?)
Hibernate: 
    insert 
    into
        answer
        (id, author_id, content, create_date, modify_date, question_id) 
    values
        (default, ?, ?, ?, ?, ?)
Hibernate: 
    insert 
    into
        answer
        (id, author_id, content, create_date, modify_date, question_id) 
    values
        (default, ?, ?, ?, ?, ?)
Hibernate: 
    insert 
    into
        answer
        (id, author_id, content, create_date, modify_date, question_id) 
    values
        (default, ?, ?, ?, ?, ?)
Hibernate: 
    insert 
    into
        answer
        (id, author_id, content, create_date, modify_date, question_id) 
    values
        (default, ?, ?, ?, ?, ?)
]]></system-out>
  <system-err><![CDATA[]]></system-err>
</testsuite>
